<?xml version="1.0" encoding="UTF-8"?>
<!-- Generated by org.testng.reporters.JUnitReportReporter -->
<testsuite skipped="0" hostname="TKV" name="com.salesforcetestcases.TC001CreateNewOpportunity" tests="1" failures="0" timestamp="2022-07-23T12:14:48 IST" time="22.630" errors="0">
  <testcase name="runCreateNewOpportunity" time="22.630" classname="com.salesforcetestcases.TC001CreateNewOpportunity"/>
  <system-out/>
</testsuite> <!-- com.salesforcetestcases.TC001CreateNewOpportunity -->
